[ 2015-07-15T00:05:59+08:00 ] 127.0.0.1 /index.php/Admin/Book/add.html
INFO: [ app_begin ] --START--
INFO: Run Behavior\ReadHtmlCacheBehavior [ RunTime:0.001000s ]
INFO: [ app_begin ] --END-- [ RunTime:0.002000s ]
NOTIC: [2048] Declaration of Admin\Controller\BookController::delete() should be compatible with Admin\Controller\BaseController::delete($model = Admin\Controller\CONTROLLER_NAME, $id = '') F:\WEB\www_apache\phpstrom\2\Application\Admin\Controller\BookController.class.php 第 5 行.
NOTIC: [2048] Declaration of Admin\Controller\BookController::show() should be compatible with Think\Controller::show($content, $charset = '', $contentType = '', $prefix = '') F:\WEB\www_apache\phpstrom\2\Application\Admin\Controller\BookController.class.php 第 5 行.
NOTIC: [2048] Declaration of Admin\Controller\BookController::get() should be compatible with Think\Controller::get($name = '') F:\WEB\www_apache\phpstrom\2\Application\Admin\Controller\BookController.class.php 第 5 行.
NOTIC: [8] Undefined index: bookid F:\WEB\www_apache\phpstrom\2\ThinkPHP\Library\Think\Model.class.php 第 1285 行.
NOTIC: [8] curl_setopt(): CURLOPT_SSL_VERIFYHOST no longer accepts the value 1, value 2 will be used instead F:\WEB\www_apache\phpstrom\2\Application\Common\Service\Service.class.php 第 22 行.
NOTIC: [8] Trying to get property of non-object F:\WEB\www_apache\phpstrom\2\Application\Admin\Controller\BookController.class.php 第 41 行.

[ 2015-07-15T00:06:22+08:00 ] 127.0.0.1 /index.php/Admin/Book/add.html
INFO: [ app_begin ] --START--
INFO: Run Behavior\ReadHtmlCacheBehavior [ RunTime:0.000000s ]
INFO: [ app_begin ] --END-- [ RunTime:0.001000s ]
NOTIC: [2048] Declaration of Admin\Controller\BookController::delete() should be compatible with Admin\Controller\BaseController::delete($model = Admin\Controller\CONTROLLER_NAME, $id = '') F:\WEB\www_apache\phpstrom\2\Application\Admin\Controller\BookController.class.php 第 5 行.
NOTIC: [2048] Declaration of Admin\Controller\BookController::show() should be compatible with Think\Controller::show($content, $charset = '', $contentType = '', $prefix = '') F:\WEB\www_apache\phpstrom\2\Application\Admin\Controller\BookController.class.php 第 5 行.
NOTIC: [2048] Declaration of Admin\Controller\BookController::get() should be compatible with Think\Controller::get($name = '') F:\WEB\www_apache\phpstrom\2\Application\Admin\Controller\BookController.class.php 第 5 行.
NOTIC: [8] Undefined index: bookid F:\WEB\www_apache\phpstrom\2\ThinkPHP\Library\Think\Model.class.php 第 1285 行.
NOTIC: [2] json_decode() expects parameter 1 to be string, array given F:\WEB\www_apache\phpstrom\2\Application\Common\Service\DoubanService.class.php 第 66 行.
NOTIC: [8] curl_setopt(): CURLOPT_SSL_VERIFYHOST no longer accepts the value 1, value 2 will be used instead F:\WEB\www_apache\phpstrom\2\Application\Common\Service\Service.class.php 第 22 行.
NOTIC: [8] Trying to get property of non-object F:\WEB\www_apache\phpstrom\2\Application\Admin\Controller\BookController.class.php 第 41 行.

[ 2015-07-15T00:07:31+08:00 ] 127.0.0.1 /index.php/Admin/Book/add.html
INFO: [ app_begin ] --START--
INFO: Run Behavior\ReadHtmlCacheBehavior [ RunTime:0.001000s ]
INFO: [ app_begin ] --END-- [ RunTime:0.001000s ]
NOTIC: [2048] Declaration of Admin\Controller\BookController::delete() should be compatible with Admin\Controller\BaseController::delete($model = Admin\Controller\CONTROLLER_NAME, $id = '') F:\WEB\www_apache\phpstrom\2\Application\Admin\Controller\BookController.class.php 第 5 行.
NOTIC: [2048] Declaration of Admin\Controller\BookController::show() should be compatible with Think\Controller::show($content, $charset = '', $contentType = '', $prefix = '') F:\WEB\www_apache\phpstrom\2\Application\Admin\Controller\BookController.class.php 第 5 行.
NOTIC: [2048] Declaration of Admin\Controller\BookController::get() should be compatible with Think\Controller::get($name = '') F:\WEB\www_apache\phpstrom\2\Application\Admin\Controller\BookController.class.php 第 5 行.
NOTIC: [8] Undefined index: bookid F:\WEB\www_apache\phpstrom\2\ThinkPHP\Library\Think\Model.class.php 第 1285 行.
NOTIC: [8] curl_setopt(): CURLOPT_SSL_VERIFYHOST no longer accepts the value 1, value 2 will be used instead F:\WEB\www_apache\phpstrom\2\Application\Common\Service\Service.class.php 第 22 行.
NOTIC: [2] implode(): Invalid arguments passed F:\WEB\www_apache\phpstrom\2\Application\Common\Common\function.php 第 23 行.

[ 2015-07-15T00:10:25+08:00 ] 127.0.0.1 /index.php/Admin/Book/add.html
INFO: [ app_begin ] --START--
INFO: Run Behavior\ReadHtmlCacheBehavior [ RunTime:0.001000s ]
INFO: [ app_begin ] --END-- [ RunTime:0.001000s ]
NOTIC: [2048] Declaration of Admin\Controller\BookController::delete() should be compatible with Admin\Controller\BaseController::delete($model = Admin\Controller\CONTROLLER_NAME, $id = '') F:\WEB\www_apache\phpstrom\2\Application\Admin\Controller\BookController.class.php 第 5 行.
NOTIC: [2048] Declaration of Admin\Controller\BookController::show() should be compatible with Think\Controller::show($content, $charset = '', $contentType = '', $prefix = '') F:\WEB\www_apache\phpstrom\2\Application\Admin\Controller\BookController.class.php 第 5 行.
NOTIC: [2048] Declaration of Admin\Controller\BookController::get() should be compatible with Think\Controller::get($name = '') F:\WEB\www_apache\phpstrom\2\Application\Admin\Controller\BookController.class.php 第 5 行.
NOTIC: [8] Undefined index: bookid F:\WEB\www_apache\phpstrom\2\ThinkPHP\Library\Think\Model.class.php 第 1285 行.
NOTIC: [2] json_decode() expects parameter 1 to be string, array given F:\WEB\www_apache\phpstrom\2\Application\Common\Service\DoubanService.class.php 第 66 行.
NOTIC: [8] curl_setopt(): CURLOPT_SSL_VERIFYHOST no longer accepts the value 1, value 2 will be used instead F:\WEB\www_apache\phpstrom\2\Application\Common\Service\Service.class.php 第 22 行.
NOTIC: [8] Trying to get property of non-object F:\WEB\www_apache\phpstrom\2\Application\Admin\Controller\BookController.class.php 第 41 行.

[ 2015-07-15T00:10:32+08:00 ] 127.0.0.1 /index.php/Admin/Book/add.html
INFO: [ app_begin ] --START--
INFO: Run Behavior\ReadHtmlCacheBehavior [ RunTime:0.000000s ]
INFO: [ app_begin ] --END-- [ RunTime:0.001000s ]
NOTIC: [2048] Declaration of Admin\Controller\BookController::delete() should be compatible with Admin\Controller\BaseController::delete($model = Admin\Controller\CONTROLLER_NAME, $id = '') F:\WEB\www_apache\phpstrom\2\Application\Admin\Controller\BookController.class.php 第 5 行.
NOTIC: [2048] Declaration of Admin\Controller\BookController::show() should be compatible with Think\Controller::show($content, $charset = '', $contentType = '', $prefix = '') F:\WEB\www_apache\phpstrom\2\Application\Admin\Controller\BookController.class.php 第 5 行.
NOTIC: [2048] Declaration of Admin\Controller\BookController::get() should be compatible with Think\Controller::get($name = '') F:\WEB\www_apache\phpstrom\2\Application\Admin\Controller\BookController.class.php 第 5 行.
NOTIC: [8] Undefined index: bookid F:\WEB\www_apache\phpstrom\2\ThinkPHP\Library\Think\Model.class.php 第 1285 行.
NOTIC: [2] json_decode() expects parameter 1 to be string, array given F:\WEB\www_apache\phpstrom\2\Application\Common\Service\DoubanService.class.php 第 66 行.
NOTIC: [8] curl_setopt(): CURLOPT_SSL_VERIFYHOST no longer accepts the value 1, value 2 will be used instead F:\WEB\www_apache\phpstrom\2\Application\Common\Service\Service.class.php 第 22 行.
NOTIC: [2] Cannot modify header information - headers already sent by (output started at F:\WEB\www_apache\phpstrom\2\Application\Common\Model\DbjsonModel.class.php:47) F:\WEB\www_apache\phpstrom\2\ThinkPHP\Library\Think\Controller.class.php 第 215 行.

[ 2015-07-15T00:12:18+08:00 ] 127.0.0.1 /index.php/Admin/Book/add.html
INFO: [ app_begin ] --START--
INFO: Run Behavior\ReadHtmlCacheBehavior [ RunTime:0.001000s ]
INFO: [ app_begin ] --END-- [ RunTime:0.001000s ]
NOTIC: [2048] Declaration of Admin\Controller\BookController::delete() should be compatible with Admin\Controller\BaseController::delete($model = Admin\Controller\CONTROLLER_NAME, $id = '') F:\WEB\www_apache\phpstrom\2\Application\Admin\Controller\BookController.class.php 第 5 行.
NOTIC: [2048] Declaration of Admin\Controller\BookController::show() should be compatible with Think\Controller::show($content, $charset = '', $contentType = '', $prefix = '') F:\WEB\www_apache\phpstrom\2\Application\Admin\Controller\BookController.class.php 第 5 行.
NOTIC: [2048] Declaration of Admin\Controller\BookController::get() should be compatible with Think\Controller::get($name = '') F:\WEB\www_apache\phpstrom\2\Application\Admin\Controller\BookController.class.php 第 5 行.
NOTIC: [8] Undefined index: bookid F:\WEB\www_apache\phpstrom\2\ThinkPHP\Library\Think\Model.class.php 第 1285 行.
NOTIC: [2] json_decode() expects parameter 1 to be string, array given F:\WEB\www_apache\phpstrom\2\Application\Common\Service\DoubanService.class.php 第 66 行.
NOTIC: [8] curl_setopt(): CURLOPT_SSL_VERIFYHOST no longer accepts the value 1, value 2 will be used instead F:\WEB\www_apache\phpstrom\2\Application\Common\Service\Service.class.php 第 22 行.

[ 2015-07-15T00:12:38+08:00 ] 127.0.0.1 /index.php/Admin/Book/add.html
INFO: [ app_begin ] --START--
INFO: Run Behavior\ReadHtmlCacheBehavior [ RunTime:0.000000s ]
INFO: [ app_begin ] --END-- [ RunTime:0.001000s ]
NOTIC: [2048] Declaration of Admin\Controller\BookController::delete() should be compatible with Admin\Controller\BaseController::delete($model = Admin\Controller\CONTROLLER_NAME, $id = '') F:\WEB\www_apache\phpstrom\2\Application\Admin\Controller\BookController.class.php 第 5 行.
NOTIC: [2048] Declaration of Admin\Controller\BookController::show() should be compatible with Think\Controller::show($content, $charset = '', $contentType = '', $prefix = '') F:\WEB\www_apache\phpstrom\2\Application\Admin\Controller\BookController.class.php 第 5 行.
NOTIC: [2048] Declaration of Admin\Controller\BookController::get() should be compatible with Think\Controller::get($name = '') F:\WEB\www_apache\phpstrom\2\Application\Admin\Controller\BookController.class.php 第 5 行.
NOTIC: [8] Undefined index: bookid F:\WEB\www_apache\phpstrom\2\ThinkPHP\Library\Think\Model.class.php 第 1285 行.
NOTIC: [2] json_decode() expects parameter 1 to be string, array given F:\WEB\www_apache\phpstrom\2\Application\Common\Service\DoubanService.class.php 第 66 行.
NOTIC: [8] curl_setopt(): CURLOPT_SSL_VERIFYHOST no longer accepts the value 1, value 2 will be used instead F:\WEB\www_apache\phpstrom\2\Application\Common\Service\Service.class.php 第 22 行.

[ 2015-07-15T00:13:05+08:00 ] 127.0.0.1 /index.php/Admin/Book/add.html
INFO: [ app_begin ] --START--
INFO: Run Behavior\ReadHtmlCacheBehavior [ RunTime:0.000000s ]
INFO: [ app_begin ] --END-- [ RunTime:0.001000s ]
NOTIC: [2048] Declaration of Admin\Controller\BookController::delete() should be compatible with Admin\Controller\BaseController::delete($model = Admin\Controller\CONTROLLER_NAME, $id = '') F:\WEB\www_apache\phpstrom\2\Application\Admin\Controller\BookController.class.php 第 5 行.
NOTIC: [2048] Declaration of Admin\Controller\BookController::show() should be compatible with Think\Controller::show($content, $charset = '', $contentType = '', $prefix = '') F:\WEB\www_apache\phpstrom\2\Application\Admin\Controller\BookController.class.php 第 5 行.
NOTIC: [2048] Declaration of Admin\Controller\BookController::get() should be compatible with Think\Controller::get($name = '') F:\WEB\www_apache\phpstrom\2\Application\Admin\Controller\BookController.class.php 第 5 行.
NOTIC: [8] Undefined index: bookid F:\WEB\www_apache\phpstrom\2\ThinkPHP\Library\Think\Model.class.php 第 1285 行.
NOTIC: [2] json_decode() expects parameter 1 to be string, array given F:\WEB\www_apache\phpstrom\2\Application\Common\Service\DoubanService.class.php 第 66 行.
NOTIC: [8] curl_setopt(): CURLOPT_SSL_VERIFYHOST no longer accepts the value 1, value 2 will be used instead F:\WEB\www_apache\phpstrom\2\Application\Common\Service\Service.class.php 第 22 行.

[ 2015-07-15T00:13:24+08:00 ] 127.0.0.1 /index.php/Admin/Book/add.html
INFO: [ app_begin ] --START--
INFO: Run Behavior\ReadHtmlCacheBehavior [ RunTime:0.001001s ]
INFO: [ app_begin ] --END-- [ RunTime:0.001001s ]
NOTIC: [2048] Declaration of Admin\Controller\BookController::delete() should be compatible with Admin\Controller\BaseController::delete($model = Admin\Controller\CONTROLLER_NAME, $id = '') F:\WEB\www_apache\phpstrom\2\Application\Admin\Controller\BookController.class.php 第 5 行.
NOTIC: [2048] Declaration of Admin\Controller\BookController::show() should be compatible with Think\Controller::show($content, $charset = '', $contentType = '', $prefix = '') F:\WEB\www_apache\phpstrom\2\Application\Admin\Controller\BookController.class.php 第 5 行.
NOTIC: [2048] Declaration of Admin\Controller\BookController::get() should be compatible with Think\Controller::get($name = '') F:\WEB\www_apache\phpstrom\2\Application\Admin\Controller\BookController.class.php 第 5 行.
NOTIC: [8] Undefined index: bookid F:\WEB\www_apache\phpstrom\2\ThinkPHP\Library\Think\Model.class.php 第 1285 行.
NOTIC: [8] Trying to get property of non-object F:\WEB\www_apache\phpstrom\2\Application\Admin\Controller\BookController.class.php 第 41 行.
NOTIC: [2] Cannot modify header information - headers already sent by (output started at F:\WEB\www_apache\phpstrom\2\Application\Common\Service\DoubanService.class.php:67) F:\WEB\www_apache\phpstrom\2\ThinkPHP\Library\Think\Controller.class.php 第 215 行.

[ 2015-07-15T00:14:05+08:00 ] 127.0.0.1 /index.php/Admin/Book/add.html
INFO: [ app_begin ] --START--
INFO: Run Behavior\ReadHtmlCacheBehavior [ RunTime:0.001000s ]
INFO: [ app_begin ] --END-- [ RunTime:0.001000s ]
NOTIC: [2048] Declaration of Admin\Controller\BookController::delete() should be compatible with Admin\Controller\BaseController::delete($model = Admin\Controller\CONTROLLER_NAME, $id = '') F:\WEB\www_apache\phpstrom\2\Application\Admin\Controller\BookController.class.php 第 5 行.
NOTIC: [2048] Declaration of Admin\Controller\BookController::show() should be compatible with Think\Controller::show($content, $charset = '', $contentType = '', $prefix = '') F:\WEB\www_apache\phpstrom\2\Application\Admin\Controller\BookController.class.php 第 5 行.
NOTIC: [2048] Declaration of Admin\Controller\BookController::get() should be compatible with Think\Controller::get($name = '') F:\WEB\www_apache\phpstrom\2\Application\Admin\Controller\BookController.class.php 第 5 行.
NOTIC: [8] Undefined index: bookid F:\WEB\www_apache\phpstrom\2\ThinkPHP\Library\Think\Model.class.php 第 1285 行.
NOTIC: [8] Trying to get property of non-object F:\WEB\www_apache\phpstrom\2\Application\Admin\Controller\BookController.class.php 第 41 行.
NOTIC: [2] Cannot modify header information - headers already sent by (output started at F:\WEB\www_apache\phpstrom\2\Application\Common\Service\DoubanService.class.php:67) F:\WEB\www_apache\phpstrom\2\ThinkPHP\Library\Think\Controller.class.php 第 215 行.

[ 2015-07-15T00:14:24+08:00 ] 127.0.0.1 /index.php/Admin/Book/add.html
INFO: [ app_begin ] --START--
INFO: Run Behavior\ReadHtmlCacheBehavior [ RunTime:0.001000s ]
INFO: [ app_begin ] --END-- [ RunTime:0.001000s ]
NOTIC: [2048] Declaration of Admin\Controller\BookController::delete() should be compatible with Admin\Controller\BaseController::delete($model = Admin\Controller\CONTROLLER_NAME, $id = '') F:\WEB\www_apache\phpstrom\2\Application\Admin\Controller\BookController.class.php 第 5 行.
NOTIC: [2048] Declaration of Admin\Controller\BookController::show() should be compatible with Think\Controller::show($content, $charset = '', $contentType = '', $prefix = '') F:\WEB\www_apache\phpstrom\2\Application\Admin\Controller\BookController.class.php 第 5 行.
NOTIC: [2048] Declaration of Admin\Controller\BookController::get() should be compatible with Think\Controller::get($name = '') F:\WEB\www_apache\phpstrom\2\Application\Admin\Controller\BookController.class.php 第 5 行.
NOTIC: [8] Undefined index: bookid F:\WEB\www_apache\phpstrom\2\ThinkPHP\Library\Think\Model.class.php 第 1285 行.
NOTIC: [2] Cannot modify header information - headers already sent by (output started at F:\WEB\www_apache\phpstrom\2\Application\Common\Service\DoubanService.class.php:67) F:\WEB\www_apache\phpstrom\2\ThinkPHP\Library\Think\Controller.class.php 第 215 行.

[ 2015-07-15T00:15:01+08:00 ] 127.0.0.1 /index.php/Admin/Book/add.html
INFO: [ app_begin ] --START--
INFO: Run Behavior\ReadHtmlCacheBehavior [ RunTime:0.000000s ]
INFO: [ app_begin ] --END-- [ RunTime:0.001000s ]
NOTIC: [2048] Declaration of Admin\Controller\BookController::delete() should be compatible with Admin\Controller\BaseController::delete($model = Admin\Controller\CONTROLLER_NAME, $id = '') F:\WEB\www_apache\phpstrom\2\Application\Admin\Controller\BookController.class.php 第 5 行.
NOTIC: [2048] Declaration of Admin\Controller\BookController::show() should be compatible with Think\Controller::show($content, $charset = '', $contentType = '', $prefix = '') F:\WEB\www_apache\phpstrom\2\Application\Admin\Controller\BookController.class.php 第 5 行.
NOTIC: [2048] Declaration of Admin\Controller\BookController::get() should be compatible with Think\Controller::get($name = '') F:\WEB\www_apache\phpstrom\2\Application\Admin\Controller\BookController.class.php 第 5 行.
NOTIC: [8] Undefined index: bookid F:\WEB\www_apache\phpstrom\2\ThinkPHP\Library\Think\Model.class.php 第 1285 行.
NOTIC: [2] Cannot modify header information - headers already sent by (output started at F:\WEB\www_apache\phpstrom\2\Application\Common\Service\DoubanService.class.php:67) F:\WEB\www_apache\phpstrom\2\ThinkPHP\Library\Think\Controller.class.php 第 215 行.

[ 2015-07-15T00:15:31+08:00 ] 127.0.0.1 /index.php/Admin/Book/add.html
INFO: [ app_begin ] --START--
INFO: Run Behavior\ReadHtmlCacheBehavior [ RunTime:0.001000s ]
INFO: [ app_begin ] --END-- [ RunTime:0.001000s ]
NOTIC: [2048] Declaration of Admin\Controller\BookController::delete() should be compatible with Admin\Controller\BaseController::delete($model = Admin\Controller\CONTROLLER_NAME, $id = '') F:\WEB\www_apache\phpstrom\2\Application\Admin\Controller\BookController.class.php 第 5 行.
NOTIC: [2048] Declaration of Admin\Controller\BookController::show() should be compatible with Think\Controller::show($content, $charset = '', $contentType = '', $prefix = '') F:\WEB\www_apache\phpstrom\2\Application\Admin\Controller\BookController.class.php 第 5 行.
NOTIC: [2048] Declaration of Admin\Controller\BookController::get() should be compatible with Think\Controller::get($name = '') F:\WEB\www_apache\phpstrom\2\Application\Admin\Controller\BookController.class.php 第 5 行.
NOTIC: [8] Undefined index: bookid F:\WEB\www_apache\phpstrom\2\ThinkPHP\Library\Think\Model.class.php 第 1285 行.

[ 2015-07-15T00:15:49+08:00 ] 127.0.0.1 /index.php/Admin/Book/add.html
INFO: [ app_begin ] --START--
INFO: Run Behavior\ReadHtmlCacheBehavior [ RunTime:0.000000s ]
INFO: [ app_begin ] --END-- [ RunTime:0.001000s ]
NOTIC: [2048] Declaration of Admin\Controller\BookController::delete() should be compatible with Admin\Controller\BaseController::delete($model = Admin\Controller\CONTROLLER_NAME, $id = '') F:\WEB\www_apache\phpstrom\2\Application\Admin\Controller\BookController.class.php 第 5 行.
NOTIC: [2048] Declaration of Admin\Controller\BookController::show() should be compatible with Think\Controller::show($content, $charset = '', $contentType = '', $prefix = '') F:\WEB\www_apache\phpstrom\2\Application\Admin\Controller\BookController.class.php 第 5 行.
NOTIC: [2048] Declaration of Admin\Controller\BookController::get() should be compatible with Think\Controller::get($name = '') F:\WEB\www_apache\phpstrom\2\Application\Admin\Controller\BookController.class.php 第 5 行.
NOTIC: [8] Undefined index: bookid F:\WEB\www_apache\phpstrom\2\ThinkPHP\Library\Think\Model.class.php 第 1285 行.

