[ 2015-07-14T23:58:59+08:00 ] 127.0.0.1 /index.php/Admin/Book/add.html
INFO: [ app_begin ] --START--
INFO: Run Behavior\ReadHtmlCacheBehavior [ RunTime:0.000000s ]
INFO: [ app_begin ] --END-- [ RunTime:0.001000s ]
NOTIC: [2048] Declaration of Admin\Controller\BookController::delete() should be compatible with Admin\Controller\BaseController::delete($model = Admin\Controller\CONTROLLER_NAME, $id = '') F:\WEB\www_apache\phpstrom\2\Application\Admin\Controller\BookController.class.php 第 5 行.
NOTIC: [2048] Declaration of Admin\Controller\BookController::show() should be compatible with Think\Controller::show($content, $charset = '', $contentType = '', $prefix = '') F:\WEB\www_apache\phpstrom\2\Application\Admin\Controller\BookController.class.php 第 5 行.
NOTIC: [2048] Declaration of Admin\Controller\BookController::get() should be compatible with Think\Controller::get($name = '') F:\WEB\www_apache\phpstrom\2\Application\Admin\Controller\BookController.class.php 第 5 行.
SQL: SHOW COLUMNS FROM `bookz_booklist` [ RunTime:0.0030s ]
NOTIC: [8] Undefined index: bookid F:\WEB\www_apache\phpstrom\2\ThinkPHP\Library\Think\Model.class.php 第 1285 行.
SQL: SELECT * FROM `bookz_booklist` WHERE `bookid` = null LIMIT 1   [ RunTime:0.0010s ]
SQL: SHOW COLUMNS FROM `bookz_dbjson` [ RunTime:0.0030s ]
SQL: SELECT * FROM `bookz_dbjson` WHERE `url` = 'https://api.douban.com/v2/book/isbn/9787539971810' LIMIT 1   [ RunTime:0.0000s ]
NOTIC: [2] json_decode() expects parameter 1 to be string, array given F:\WEB\www_apache\phpstrom\2\Application\Common\Service\DoubanService.class.php 第 66 行.
NOTIC: [8] curl_setopt(): CURLOPT_SSL_VERIFYHOST no longer accepts the value 1, value 2 will be used instead F:\WEB\www_apache\phpstrom\2\Application\Common\Service\Service.class.php 第 22 行.
SQL: INSERT INTO `bookz_dbjson` (`type`,`url`,`data`,`create_time`) VALUES ('DOUBAN.ISBN','https://api.douban.com/v2/book/isbn/9787539971810','hello','1436889539') [ RunTime:0.0000s ]
SQL: SELECT * FROM `bookz_booklist` WHERE `bookid` = '26340138' LIMIT 1   [ RunTime:0.0010s ]

[ 2015-07-14T23:59:35+08:00 ] 127.0.0.1 /index.php/Admin/Book/add.html
INFO: [ app_begin ] --START--
INFO: Run Behavior\ReadHtmlCacheBehavior [ RunTime:0.000000s ]
INFO: [ app_begin ] --END-- [ RunTime:0.001000s ]
NOTIC: [2048] Declaration of Admin\Controller\BookController::delete() should be compatible with Admin\Controller\BaseController::delete($model = Admin\Controller\CONTROLLER_NAME, $id = '') F:\WEB\www_apache\phpstrom\2\Application\Admin\Controller\BookController.class.php 第 5 行.
NOTIC: [2048] Declaration of Admin\Controller\BookController::show() should be compatible with Think\Controller::show($content, $charset = '', $contentType = '', $prefix = '') F:\WEB\www_apache\phpstrom\2\Application\Admin\Controller\BookController.class.php 第 5 行.
NOTIC: [2048] Declaration of Admin\Controller\BookController::get() should be compatible with Think\Controller::get($name = '') F:\WEB\www_apache\phpstrom\2\Application\Admin\Controller\BookController.class.php 第 5 行.
NOTIC: [8] Undefined index: bookid F:\WEB\www_apache\phpstrom\2\ThinkPHP\Library\Think\Model.class.php 第 1285 行.
SQL: SELECT * FROM `bookz_booklist` WHERE `bookid` = null LIMIT 1   [ RunTime:0.0000s ]
SQL: SELECT * FROM `bookz_dbjson` WHERE `url` = 'https://api.douban.com/v2/book/isbn/9787539971810' LIMIT 1   [ RunTime:0.0000s ]
NOTIC: [8] curl_setopt(): CURLOPT_SSL_VERIFYHOST no longer accepts the value 1, value 2 will be used instead F:\WEB\www_apache\phpstrom\2\Application\Common\Service\Service.class.php 第 22 行.
SQL: INSERT INTO `bookz_dbjson` (`type`,`url`,`data`,`create_time`) VALUES ('DOUBAN.ISBN','https://api.douban.com/v2/book/isbn/9787539971810','hello','1436889559') [ RunTime:0.0010s ]
SQL: SELECT * FROM `bookz_booklist` WHERE `bookid` = '26340138' LIMIT 1   [ RunTime:0.0010s ]
NOTIC: [2] implode(): Invalid arguments passed F:\WEB\www_apache\phpstrom\2\Application\Common\Common\function.php 第 23 行.
SQL: INSERT INTO `bookz_booklist` (`title`,`vol`,`today`,`tagid`,`typeid`,`brief`,`uid`,`create_time`,`update_time`,`status`,`bookid`) VALUES ('岛上书店','4','2015-07-14','1,2','8','命运从未眷顾过他，爱妻去世，书店危机，就连唯一值钱的宝贝也遭窃。他的人生陷入僵局，他的内心沦为 荒 岛。','1','1436889559','1436889559','1','26340138') [ RunTime:0.0010s ]
SQL: SHOW COLUMNS FROM `bookz_bookinfo` [ RunTime:0.0080s ]
SQL: SELECT * FROM `bookz_bookinfo` WHERE `isbn` = '9787539971810' LIMIT 1   [ RunTime:0.0010s ]
SQL: INSERT INTO `bookz_bookinfo` (`bookid`,`title`,`author`,`price`,`pubdate`,`images`,`publisher`,`isbn`,`catalog`,`summary`,`author_intro`,`create_time`,`update_time`,`status`) VALUES ('26340138','岛上书店','[\"[\\u7f8e] \\u52a0\\u5e03\\u745e\\u57c3\\u62c9\\u00b7\\u6cfd\\u6587\"]','0','2015-5','{\"small\":\"http:\\/\\/img3.douban.com\\/spic\\/s28049685.jpg\",\"large\":\"http:\\/\\/img3.douban.com\\/lpic\\/s28049685.jpg\",\"medium\":\"http:\\/\\/img3.douban.com\\/mpic\\/s28049685.jpg\"}','江苏凤凰文艺出版社','9787539971810','第一部
《待宰的羔羊》 / 3
《像里兹饭店那样大的钻石》 / 27
《咆哮营的幸运儿》 / 41
《世界的感觉》 / 81
《好人难寻》 / 89
《卡拉维拉县驰名的跳蛙》 / 135
《穿夏裙的女孩》 / 167
第二部
《与父亲的对话》 / 183
《逮香蕉鱼的最佳日子》 / 197
《泄密的心》 / 209
《铁头》 / 223
《当我们谈论爱情时我们在谈论什么》 / 249
《书店老板》 / 257
--
注：整本书的章节标题都是文学作品的标题。
《岛上书店》是一部小说。','每个人的生命中，都有最艰难的那一年，将人生变得美好而辽阔。
---------------------
A．J．费克里，人近中年，在一座与世 隔绝的小岛上，经营一家书店。
命运从未眷顾过他，爱妻去世，书店危机，就连唯一值钱的宝贝也遭窃。他的人生陷入僵局，他的内心沦为 荒 岛。
就在此时，一个神秘的包袱出现在书店中，意外地拯救了陷于孤独 绝境中的A．J．，成为了连接他和小姨子伊斯梅、 警长兰比亚斯、出版社女业务员阿米莉娅之间的纽带，为他的生活带来了转机。
没有谁是 一座孤岛，每本书都是一个世界 。
小岛上的几个生命紧紧相依，走出了人生的困境，而所有对书和生活的热爱都周而复始，愈加汹涌。
----------------------
现象级全球畅销书
美国独立书商选书第1名 美国图书馆推荐阅读第1名
席卷《出版人周刊》《纽约时报》《华盛顿邮报》《图书馆日报》各大榜单
一年之内畅销美国、英国、德国、法国、荷兰、西班牙、巴西、意大利、丹麦、芬兰、挪威、瑞典、冰岛、波兰、加拿大、土耳其、以色列、日本、韩国等25国！
----------------------
媒体及名人推荐：
1.	一封情书，致阅读的隐秘乐趣。——美国国家公共电台
2.	泽文是高明的作者，聪颖机智，她对书的热情显而易见。──《出版人周刊》
3.	有趣、温柔、动人，恰如其分，又汹涌澎湃，《岛上书店》提醒了我们，为什么阅读，为什么去爱。——《图书馆日报》
4.	像小鹿一样蹦跳而迷人的一个小故事。——《娱乐周刊》
5.	有时候轻巧风趣，有时候纯真质朴，但一直带给你相当高的阅读愉悦感。一本惹人喜爱的文学小说，讲的是独立书店的孤傲老板，卖书和寻找真爱的故事。——《柯克斯书评》
6.	泽文延续了这个年代罕见的传统──她创作了一本娱乐性很高的小说，虽是小品，但能攫取人心；尽管有趣，却不甜腻滥情。更难得的是，她对书、书店以及爱书人的未来，充满见解。──《华盛顿邮报》
7.	《岛上书店》有一点儿推理小说的成分，和一点儿爱情小说的成分，但归根结底，它的内核是一个关于爱的故事：对书本的爱，对家人的爱，对周围每个人的善意与爱。它自身就携带了爱的魔咒，这是你今年的必读之书。——《书页》
8.	在这部甜美、向书店致敬、振奋人心的小说中，泽文完美捕捉到读者与书籍配对的喜悦。耐人寻味的角色、对于书籍销售的深入理解、关于经典作品的精辟评论，还有对读书会以及营销活动的幽默描述，爱书人将难以抗拒。──《书单》
9.	这本书提醒了我们，爱与被爱的能力、付出与接受的意愿，能拯救陷于孤独绝境中的我们。一则美妙、动人的故事，关于人生的救赎与转化，它会在你胸中回荡许久许久。──《我在雨中等你》作者加思•斯坦
10.	一场轻松且澎湃的盛宴，如果你曾经想象过一个社会的宝藏──书店，它是如何运作的话，这本书非常合你胃口。──《食欲风暴》作者洁米•艾廷博格
11.	这是一本幽默、浪漫、略带悬疑的小说，而其中最重要的元素是爱──对书、对爱书人，或者应该说是对人性不完美荣光的爱。──《雪地里的女孩》作者艾欧文•艾维
12.	一部相当有力量的小说，重现了、重振了小说这种文体的力量。但这本书并没有夸张，故弄玄虚，迂腐地掉书袋，或者来点不着边际的哲学思考。《岛上书店》是写给真正热爱书本的那群人的，他们能准确地认出一个叙述得绝妙的故事，并准确感受到这个故事饱含的力量。——《多伦多国际邮报》
13.	我狼吞虎咽地读完了这本书。这是一封写给文字的情书，魅力四射，风趣非凡。它让你一直开心一直微笑，但喉头又时常哽咽。 ——《泰尼福的小屋》作者娜塔莎•所罗门
14.	你很容易就对他们心生好感，你很容易就为他们拍手叫好，费克里和他那些奇形怪状的朋友们家人们，他们温柔、温暖，脆弱，古怪，就像曾经也处于困境中的你和我。这本书能轻松成为畅销书黑马。毕竟，《岛上书店》实在魅力非凡，光芒四射。——《明尼阿波利斯市星星先驱报》
15.	一个美丽的故事，关于再一次鼓足勇气去爱，再一次得到真爱。——A.V.俱乐部
16.	这是一本不应该被错过的书。如果你喜欢书，喜欢古旧书店，喜欢美好的人类正在过着的平凡而美好的生活，你一定爱上这本《岛上书店》！事实上，我想我应该去再读一遍这个故事了！——《罗诺克时报》
17.	每个人，任何人，只要他喜欢书、喜欢书店，喜欢因阅读而认识的这个庞杂博大世界，那他就会不可自拔爱上这本书。——《维齐塔鹰报》
18.	在夏天阅读这本甜美又纯洁的书，重温爱和失去，重温友情的力量，重温世间所有书。即使身在盛夏，也仿佛是在微风徐徐的某个春日，那天阳光灿烂却温和，惠泽大地万物。你不想这天结束，你不想这场阅读结束。——《家庭圈》杂志
19.	作者控制得很完美，把故事写成了传奇，关于生命、爱、冒险和成长的传奇。——《兰辛州日报》
20.	我不够欣赏我对待《岛上书店》的态度。我痛恨泽文女士在这部古怪机智、妙语如珠的小说中展示出来的技巧和大师风范。我讨厌这部小说，它竟然如此好读，如此引人入胜。我深深憎恶这部小说要命的见鬼的魅力，我还憎恶它的简洁精当，憎恶它的干脆利落，憎恶它的清新洗练！嗷嗷嗷！……最终评语：这次像闪电一般的快速阅读实在太太太令人享受了！我要把这本书藏在过期杂志后面不让人看到……——《图书馆日报》“给伙计们的书”博客','加布瑞埃拉•泽文 (Gabrielle Zevin ，1977— )
美国作家、电影剧本编剧。年轻并极富魅力，深爱阅读与创作，为《纽约时报书评》撰稿，现居洛杉矶。
毕业于哈佛大学英美文学系，已经出版了八本小说，作品被翻译成二十多种语言。14岁时，她写了一封关于“枪 与玫 瑰乐团”的信函投给当地报社，措辞激烈，意外获得该报的乐评人一职，迈出了成为作家的第一步。一直以来，她对书、书店以及爱书人的未来，充满见解。她的第八本小说《岛上书店》在2014年以史无前例的最高票数，获选美国独立书商选书第一名。
作者官网：http://gabriellezevin.com/
译者：
孙仲旭（Luke）（1973-2014)，知名青年翻译家。毕业于郑州大学外文系，业余从事文学翻译，已出版译作《一九八四》《动物庄园》《门萨的娼妓》《麦田里的守望者》等。
译作目录：http://book.douban.com/doulist/14076/
译文小集：http://www.douban.com/note/34107135/
李玉瑶:
编辑，译者。七十年代生人，现任职于上海译文出版社。
译有《阿克拉手稿》《与狼共舞》《房间》《激情》等作品。','1436889559','1436889559','1') [ RunTime:0.0020s ]

